

Started GET "/" for 127.0.0.1 at 2015-11-14 23:02:47 +0000

ActiveRecord::PendingMigrationError (

Migrations are pending. To resolve this issue, run:

	bin/rake db:migrate RAILS_ENV=development

):
  activerecord (4.1.9) lib/active_record/migration.rb:389:in `check_pending!'
  activerecord (4.1.9) lib/active_record/migration.rb:377:in `call'
  actionpack (4.1.9) lib/action_dispatch/middleware/callbacks.rb:29:in `block in call'
  activesupport (4.1.9) lib/active_support/callbacks.rb:82:in `run_callbacks'
  actionpack (4.1.9) lib/action_dispatch/middleware/callbacks.rb:27:in `call'
  actionpack (4.1.9) lib/action_dispatch/middleware/reloader.rb:73:in `call'
  actionpack (4.1.9) lib/action_dispatch/middleware/remote_ip.rb:76:in `call'
  actionpack (4.1.9) lib/action_dispatch/middleware/debug_exceptions.rb:17:in `call'
  actionpack (4.1.9) lib/action_dispatch/middleware/show_exceptions.rb:30:in `call'
  railties (4.1.9) lib/rails/rack/logger.rb:38:in `call_app'
  railties (4.1.9) lib/rails/rack/logger.rb:20:in `block in call'
  activesupport (4.1.9) lib/active_support/tagged_logging.rb:68:in `block in tagged'
  activesupport (4.1.9) lib/active_support/tagged_logging.rb:26:in `tagged'
  activesupport (4.1.9) lib/active_support/tagged_logging.rb:68:in `tagged'
  railties (4.1.9) lib/rails/rack/logger.rb:20:in `call'
  actionpack (4.1.9) lib/action_dispatch/middleware/request_id.rb:21:in `call'
  rack (1.5.5) lib/rack/methodoverride.rb:21:in `call'
  rack (1.5.5) lib/rack/runtime.rb:17:in `call'
  activesupport (4.1.9) lib/active_support/cache/strategy/local_cache_middleware.rb:26:in `call'
  rack (1.5.5) lib/rack/lock.rb:17:in `call'
  actionpack (4.1.9) lib/action_dispatch/middleware/static.rb:84:in `call'
  rack (1.5.5) lib/rack/sendfile.rb:112:in `call'
  railties (4.1.9) lib/rails/engine.rb:514:in `call'
  railties (4.1.9) lib/rails/application.rb:144:in `call'
  rack (1.5.5) lib/rack/lock.rb:17:in `call'
  rack (1.5.5) lib/rack/content_length.rb:14:in `call'
  rack (1.5.5) lib/rack/handler/webrick.rb:60:in `service'
  /Users/william/.rbenv/versions/2.0.0-p481/lib/ruby/2.0.0/webrick/httpserver.rb:138:in `service'
  /Users/william/.rbenv/versions/2.0.0-p481/lib/ruby/2.0.0/webrick/httpserver.rb:94:in `run'
  /Users/william/.rbenv/versions/2.0.0-p481/lib/ruby/2.0.0/webrick/server.rb:295:in `block in start_thread'


  Rendered /Users/william/.rbenv/versions/2.0.0-p481/lib/ruby/gems/2.0.0/gems/actionpack-4.1.9/lib/action_dispatch/middleware/templates/rescues/_source.erb (0.4ms)
  Rendered /Users/william/.rbenv/versions/2.0.0-p481/lib/ruby/gems/2.0.0/gems/actionpack-4.1.9/lib/action_dispatch/middleware/templates/rescues/_trace.html.erb (0.7ms)
  Rendered /Users/william/.rbenv/versions/2.0.0-p481/lib/ruby/gems/2.0.0/gems/actionpack-4.1.9/lib/action_dispatch/middleware/templates/rescues/_request_and_response.html.erb (0.6ms)
  Rendered /Users/william/.rbenv/versions/2.0.0-p481/lib/ruby/gems/2.0.0/gems/actionpack-4.1.9/lib/action_dispatch/middleware/templates/rescues/diagnostics.erb within rescues/layout (14.6ms)
  [1m[36m (1.2ms)[0m  [1mCREATE TABLE "movies" ("id" INTEGER PRIMARY KEY AUTOINCREMENT NOT NULL, "title" varchar(255), "rating" varchar(255), "total_gross" decimal, "created_at" datetime, "updated_at" datetime, "description" text, "released_on" date, "cast" varchar(255), "director" varchar(255), "duration" varchar(255), "image_file_name" varchar(255)) [0m
  [1m[35m (0.8ms)[0m  CREATE TABLE "schema_migrations" ("version" varchar(255) NOT NULL) 
  [1m[36m (0.1ms)[0m  [1mselect sqlite_version(*)[0m
  [1m[35m (0.7ms)[0m  CREATE UNIQUE INDEX "unique_schema_migrations" ON "schema_migrations" ("version")
  [1m[36m (0.1ms)[0m  [1mSELECT version FROM "schema_migrations"[0m
  [1m[35m (0.8ms)[0m  INSERT INTO "schema_migrations" (version) VALUES ('20121210234158')
  [1m[36m (0.7ms)[0m  [1mINSERT INTO "schema_migrations" (version) VALUES ('20121121163535')[0m
  [1m[35m (0.6ms)[0m  INSERT INTO "schema_migrations" (version) VALUES ('20121121180707')
  [1m[36m (0.7ms)[0m  [1mCREATE TABLE "movies" ("id" INTEGER PRIMARY KEY AUTOINCREMENT NOT NULL, "title" varchar(255), "rating" varchar(255), "total_gross" decimal, "created_at" datetime, "updated_at" datetime, "description" text, "released_on" date, "cast" varchar(255), "director" varchar(255), "duration" varchar(255), "image_file_name" varchar(255)) [0m
  [1m[35m (0.6ms)[0m  CREATE TABLE "schema_migrations" ("version" varchar(255) NOT NULL) 
  [1m[36m (0.0ms)[0m  [1mselect sqlite_version(*)[0m
  [1m[35m (0.6ms)[0m  CREATE UNIQUE INDEX "unique_schema_migrations" ON "schema_migrations" ("version")
  [1m[36m (0.1ms)[0m  [1mSELECT version FROM "schema_migrations"[0m
  [1m[35m (0.5ms)[0m  INSERT INTO "schema_migrations" (version) VALUES ('20121210234158')
  [1m[36m (0.6ms)[0m  [1mINSERT INTO "schema_migrations" (version) VALUES ('20121121163535')[0m
  [1m[35m (0.6ms)[0m  INSERT INTO "schema_migrations" (version) VALUES ('20121121180707')
  [1m[36mActiveRecord::SchemaMigration Load (0.1ms)[0m  [1mSELECT "schema_migrations".* FROM "schema_migrations"[0m
  [1m[35m (0.1ms)[0m  begin transaction
  [1m[36mSQL (0.4ms)[0m  [1mINSERT INTO "movies" ("cast", "created_at", "description", "director", "duration", "image_file_name", "rating", "released_on", "title", "total_gross", "updated_at") VALUES (?, ?, ?, ?, ?, ?, ?, ?, ?, ?, ?)[0m  [["cast", "Robert Downey Jr., Gwyneth Paltrow and Terrence Howard"], ["created_at", "2015-11-14 23:03:07.294654"], ["description", "When wealthy industrialist Tony Stark is forced to build an armored suit after a life-threatening incident, he ultimately decides to use its technology to fight against evil."], ["director", "Jon Favreau"], ["duration", "126 min"], ["image_file_name", "ironman.jpg"], ["rating", "PG-13"], ["released_on", "2008-05-02"], ["title", "Iron Man"], ["total_gross", 318412101.0], ["updated_at", "2015-11-14 23:03:07.294654"]]
  [1m[35m (0.4ms)[0m  commit transaction
  [1m[36m (0.0ms)[0m  [1mbegin transaction[0m
  [1m[35mSQL (0.2ms)[0m  INSERT INTO "movies" ("cast", "created_at", "description", "director", "duration", "image_file_name", "rating", "released_on", "title", "total_gross", "updated_at") VALUES (?, ?, ?, ?, ?, ?, ?, ?, ?, ?, ?)  [["cast", "Christopher Reeve, Margot Kidder and Gene Hackman"], ["created_at", "2015-11-14 23:03:07.298430"], ["description", "An alien orphan is sent from his dying planet to Earth, where he grows up to become his adoptive home's first and greatest super-hero."], ["director", "Richard Donner"], ["duration", "143 min"], ["image_file_name", "superman.jpg"], ["rating", "PG"], ["released_on", "1978-12-15"], ["title", "Superman"], ["total_gross", 134218018.0], ["updated_at", "2015-11-14 23:03:07.298430"]]
  [1m[36m (0.6ms)[0m  [1mcommit transaction[0m
  [1m[35m (0.0ms)[0m  begin transaction
  [1m[36mSQL (0.2ms)[0m  [1mINSERT INTO "movies" ("cast", "created_at", "description", "director", "duration", "image_file_name", "rating", "released_on", "title", "total_gross", "updated_at") VALUES (?, ?, ?, ?, ?, ?, ?, ?, ?, ?, ?)[0m  [["cast", "Tobey Maguire, Kirsten Dunst and Willem Dafoe"], ["created_at", "2015-11-14 23:03:07.301758"], ["description", "When bitten by a genetically modified spider, a nerdy, shy, and awkward high school student gains spider-like abilities that he eventually must use to fight evil as a superhero after tragedy befalls his family."], ["director", "Sam Raimi"], ["duration", "121 min"], ["image_file_name", "spiderman.jpg"], ["rating", "PG-13"], ["released_on", "2002-05-03"], ["title", "Spider-Man"], ["total_gross", 403706375.0], ["updated_at", "2015-11-14 23:03:07.301758"]]
  [1m[35m (0.5ms)[0m  commit transaction
  [1m[36m (0.0ms)[0m  [1mbegin transaction[0m
  [1m[35mSQL (0.1ms)[0m  INSERT INTO "movies" ("cast", "created_at", "description", "director", "duration", "image_file_name", "rating", "released_on", "title", "total_gross", "updated_at") VALUES (?, ?, ?, ?, ?, ?, ?, ?, ?, ?, ?)  [["cast", "Michael Keaton, Jack Nicholson and Kim Basinger"], ["created_at", "2015-11-14 23:03:07.303233"], ["description", "The Dark Knight of Gotham City begins his war on crime with his first major enemy being the clownishly homicidal Joker."], ["director", "Tim Burton"], ["duration", "126 min"], ["image_file_name", "batman.jpg"], ["rating", "PG-13"], ["released_on", "1989-06-23"], ["title", "Batman"], ["total_gross", 251188924.0], ["updated_at", "2015-11-14 23:03:07.303233"]]
  [1m[36m (0.5ms)[0m  [1mcommit transaction[0m
  [1m[35m (0.0ms)[0m  begin transaction
  [1m[36mSQL (0.1ms)[0m  [1mINSERT INTO "movies" ("cast", "created_at", "description", "director", "duration", "image_file_name", "rating", "released_on", "title", "total_gross", "updated_at") VALUES (?, ?, ?, ?, ?, ?, ?, ?, ?, ?, ?)[0m  [["cast", "Halle Berry, Sharon Stone and Benjamin Bratt"], ["created_at", "2015-11-14 23:03:07.304648"], ["description", "Patience Philips seems destined to spend her life apologizing for taking up space. Despite her artistic ability&mdash;she has a more than respectable career as a graphic designer."], ["director", "Jean-Christophe 'Pitof' Comar"], ["duration", "101 min"], ["image_file_name", "catwoman.jpg"], ["rating", "PG-13"], ["released_on", "2004-07-23"], ["title", "Catwoman"], ["total_gross", 40200000.0], ["updated_at", "2015-11-14 23:03:07.304648"]]
  [1m[35m (0.4ms)[0m  commit transaction
  [1m[36m (0.0ms)[0m  [1mbegin transaction[0m
  [1m[35mSQL (0.1ms)[0m  INSERT INTO "movies" ("cast", "created_at", "description", "director", "duration", "image_file_name", "rating", "released_on", "title", "total_gross", "updated_at") VALUES (?, ?, ?, ?, ?, ?, ?, ?, ?, ?, ?)  [["cast", "Bruce Wayne, Gojira"], ["created_at", "2015-11-14 23:03:07.306007"], ["description", "An epic battle between The Caped Crusader and the fire-breathing dinosaur Gojira. Hang on to your popcorn, kids!"], ["director", "Ishiro Honda"], ["duration", "211 min"], ["image_file_name", "batman-vs-godzilla.jpg"], ["rating", "PG-13"], ["released_on", "2015-11-24"], ["title", "Batman vs. Godzilla"], ["total_gross", 387623910.0], ["updated_at", "2015-11-14 23:03:07.306007"]]
  [1m[36m (0.5ms)[0m  [1mcommit transaction[0m


Started GET "/" for 127.0.0.1 at 2015-11-14 23:03:14 +0000
  [1m[36mActiveRecord::SchemaMigration Load (0.1ms)[0m  [1mSELECT "schema_migrations".* FROM "schema_migrations"[0m
Processing by MoviesController#index as HTML
  [1m[35mMovie Load (0.2ms)[0m  SELECT "movies".* FROM "movies"  WHERE (released_on <= '2015-11-14 23:03:15.104507')  ORDER BY released_on desc
  Rendered movies/index.html.erb within layouts/application (31.2ms)
  Rendered layouts/_header.html.erb (0.9ms)
  Rendered layouts/_sidebar.html.erb (0.8ms)
  Rendered layouts/_footer.html.erb (0.4ms)
Completed 200 OK in 1114ms (Views: 1102.7ms | ActiveRecord: 0.5ms)


Started GET "/assets/application.css?body=1" for 127.0.0.1 at 2015-11-14 23:03:16 +0000


Started GET "/assets/normalize.css?body=1" for 127.0.0.1 at 2015-11-14 23:03:16 +0000


Started GET "/assets/layout.css?body=1" for 127.0.0.1 at 2015-11-14 23:03:16 +0000


Started GET "/assets/elements.css?body=1" for 127.0.0.1 at 2015-11-14 23:03:16 +0000


Started GET "/assets/movies.css?body=1" for 127.0.0.1 at 2015-11-14 23:03:16 +0000


Started GET "/assets/buttons.css?body=1" for 127.0.0.1 at 2015-11-14 23:03:16 +0000


Started GET "/assets/forms.css?body=1" for 127.0.0.1 at 2015-11-14 23:03:16 +0000


Started GET "/assets/jquery.js?body=1" for 127.0.0.1 at 2015-11-14 23:03:16 +0000


Started GET "/assets/jquery_ujs.js?body=1" for 127.0.0.1 at 2015-11-14 23:03:16 +0000


Started GET "/assets/turbolinks.js?body=1" for 127.0.0.1 at 2015-11-14 23:03:16 +0000


Started GET "/assets/movies.js?body=1" for 127.0.0.1 at 2015-11-14 23:03:16 +0000


Started GET "/assets/application.js?body=1" for 127.0.0.1 at 2015-11-14 23:03:16 +0000


Started GET "/assets/ironman.jpg" for 127.0.0.1 at 2015-11-14 23:03:16 +0000


Started GET "/assets/catwoman.jpg" for 127.0.0.1 at 2015-11-14 23:03:16 +0000


Started GET "/assets/spiderman.jpg" for 127.0.0.1 at 2015-11-14 23:03:16 +0000


Started GET "/assets/batman.jpg" for 127.0.0.1 at 2015-11-14 23:03:16 +0000


Started GET "/assets/superman.jpg" for 127.0.0.1 at 2015-11-14 23:03:16 +0000


Started GET "/assets/background.jpg" for 127.0.0.1 at 2015-11-14 23:03:16 +0000


Started GET "/assets/logo.png" for 127.0.0.1 at 2015-11-14 23:03:16 +0000


Started GET "/assets/arrow.png" for 127.0.0.1 at 2015-11-14 23:03:16 +0000


Started GET "/assets/add.png" for 127.0.0.1 at 2015-11-14 23:03:16 +0000


Started GET "/" for 127.0.0.1 at 2015-11-14 23:04:53 +0000
  [1m[36mActiveRecord::SchemaMigration Load (0.1ms)[0m  [1mSELECT "schema_migrations".* FROM "schema_migrations"[0m
Processing by MoviesController#index as HTML
  [1m[35mMovie Load (0.2ms)[0m  SELECT "movies".* FROM "movies"  WHERE (released_on <= '2015-11-14 23:04:53.468846')  ORDER BY released_on desc
  Rendered movies/index.html.erb within layouts/application (58.4ms)
  Rendered layouts/_header.html.erb (0.7ms)
  Rendered layouts/_sidebar.html.erb (0.6ms)
  Rendered layouts/_footer.html.erb (0.4ms)
Completed 200 OK in 241ms (Views: 227.9ms | ActiveRecord: 0.5ms)


Started GET "/assets/application.css?body=1" for 127.0.0.1 at 2015-11-14 23:04:53 +0000


Started GET "/assets/elements.css?body=1" for 127.0.0.1 at 2015-11-14 23:04:53 +0000


Started GET "/assets/buttons.css?body=1" for 127.0.0.1 at 2015-11-14 23:04:53 +0000


Started GET "/assets/layout.css?body=1" for 127.0.0.1 at 2015-11-14 23:04:53 +0000


Started GET "/assets/movies.css?body=1" for 127.0.0.1 at 2015-11-14 23:04:53 +0000


Started GET "/assets/normalize.css?body=1" for 127.0.0.1 at 2015-11-14 23:04:53 +0000


Started GET "/assets/forms.css?body=1" for 127.0.0.1 at 2015-11-14 23:04:53 +0000


Started GET "/assets/jquery.js?body=1" for 127.0.0.1 at 2015-11-14 23:04:53 +0000


Started GET "/assets/jquery_ujs.js?body=1" for 127.0.0.1 at 2015-11-14 23:04:53 +0000


Started GET "/assets/turbolinks.js?body=1" for 127.0.0.1 at 2015-11-14 23:04:53 +0000


Started GET "/assets/movies.js?body=1" for 127.0.0.1 at 2015-11-14 23:04:53 +0000


Started GET "/assets/application.js?body=1" for 127.0.0.1 at 2015-11-14 23:04:53 +0000


Started GET "/assets/ironman.jpg" for 127.0.0.1 at 2015-11-14 23:04:53 +0000


Started GET "/assets/catwoman.jpg" for 127.0.0.1 at 2015-11-14 23:04:53 +0000


Started GET "/assets/batman.jpg" for 127.0.0.1 at 2015-11-14 23:04:53 +0000


Started GET "/assets/superman.jpg" for 127.0.0.1 at 2015-11-14 23:04:53 +0000


Started GET "/assets/spiderman.jpg" for 127.0.0.1 at 2015-11-14 23:04:53 +0000


Started GET "/movies/2" for 127.0.0.1 at 2015-11-14 23:04:56 +0000
Processing by MoviesController#show as HTML
  Parameters: {"id"=>"2"}
  [1m[36mMovie Load (0.2ms)[0m  [1mSELECT  "movies".* FROM "movies"  WHERE "movies"."id" = ? LIMIT 1[0m  [["id", 2]]
  Rendered movies/show.html.erb within layouts/application (1.7ms)
  Rendered layouts/_header.html.erb (0.5ms)
  Rendered layouts/_sidebar.html.erb (0.4ms)
  Rendered layouts/_footer.html.erb (0.5ms)
Completed 200 OK in 84ms (Views: 81.6ms | ActiveRecord: 0.2ms)


Started GET "/movies" for 127.0.0.1 at 2015-11-14 23:05:03 +0000
Processing by MoviesController#index as HTML
  [1m[35mMovie Load (0.2ms)[0m  SELECT "movies".* FROM "movies"  WHERE (released_on <= '2015-11-14 23:05:03.287342')  ORDER BY released_on desc
  Rendered movies/index.html.erb within layouts/application (4.5ms)
  Rendered layouts/_header.html.erb (0.1ms)
  Rendered layouts/_sidebar.html.erb (0.2ms)
  Rendered layouts/_footer.html.erb (0.1ms)
Completed 200 OK in 88ms (Views: 86.7ms | ActiveRecord: 0.2ms)


Started GET "/" for 127.0.0.1 at 2015-11-14 23:05:05 +0000
Processing by MoviesController#index as HTML
  [1m[36mMovie Load (0.2ms)[0m  [1mSELECT "movies".* FROM "movies"  WHERE (released_on <= '2015-11-14 23:05:05.924834')  ORDER BY released_on desc[0m
  Rendered movies/index.html.erb within layouts/application (2.9ms)
  Rendered layouts/_header.html.erb (0.1ms)
  Rendered layouts/_sidebar.html.erb (0.2ms)
  Rendered layouts/_footer.html.erb (0.1ms)
Completed 200 OK in 80ms (Views: 79.1ms | ActiveRecord: 0.2ms)
